app/build/intermediates/manifest_merge_blame_file/debug/manifest-merger-blame-debug-report.txt
1<?xml version="1.0" encoding="utf-8"?>
2<manifest xmlns:android="http://schemas.android.com/apk/res/android"
3    package="com.example.manajemenkeuanganv3"
4    android:versionCode="1"
5    android:versionName="1.0" >
6
7    <uses-sdk
8        android:minSdkVersion="17"
8-->src\main\AndroidManifest.xml
9        android:targetSdkVersion="29" />
9-->src\main\AndroidManifest.xml
10
11    <uses-permission android:name="android.permission.ACCESS_NETWORK_STATE" />
11-->src\main\AndroidManifest.xml:4:5-78
11-->src\main\AndroidManifest.xml:4:22-76
12    <uses-permission android:name="android.permission.ACCESS_WIFI_STATE" />
12-->src\main\AndroidManifest.xml:5:5-76
12-->src\main\AndroidManifest.xml:5:22-73
13    <uses-permission android:name="android.permission.INTERNET" />
13-->src\main\AndroidManifest.xml:6:5-67
13-->src\main\AndroidManifest.xml:6:22-64
14
15    <application
15-->src\main\AndroidManifest.xml:8:5-39:19
16        android:allowBackup="true"
16-->src\main\AndroidManifest.xml:10:9-35
17        android:appComponentFactory="androidx.core.app.CoreComponentFactory"
17-->[androidx.core:core:1.1.0] AndroidManifest.xml:24:18-86
18        android:debuggable="true"
19        android:icon="@mipmap/ic_launcher"
19-->src\main\AndroidManifest.xml:11:9-43
20        android:label="@string/app_name"
20-->src\main\AndroidManifest.xml:12:9-41
21        android:networkSecurityConfig="@xml/network_security_config"
21-->src\main\AndroidManifest.xml:9:9-69
22        android:roundIcon="@mipmap/ic_launcher_round"
22-->src\main\AndroidManifest.xml:13:9-54
23        android:supportsRtl="true"
23-->src\main\AndroidManifest.xml:14:9-35
24        android:testOnly="true"
25        android:theme="@style/AppTheme" >
25-->src\main\AndroidManifest.xml:15:9-40
26        <activity
26-->src\main\AndroidManifest.xml:17:9-24:20
27            android:name="com.example.manajemenkeuanganv3.splashScreen"
27-->src\main\AndroidManifest.xml:18:13-41
28            android:theme="@style/AppTheme.NoActionBar" >
28-->src\main\AndroidManifest.xml:19:13-56
29            <intent-filter>
29-->src\main\AndroidManifest.xml:20:13-23:29
30                <action android:name="android.intent.action.MAIN" />
30-->src\main\AndroidManifest.xml:21:17-69
30-->src\main\AndroidManifest.xml:21:25-66
31
32                <category android:name="android.intent.category.LAUNCHER" />
32-->src\main\AndroidManifest.xml:22:17-77
32-->src\main\AndroidManifest.xml:22:27-74
33            </intent-filter>
34        </activity>
35        <activity
35-->src\main\AndroidManifest.xml:26:9-27:58
36            android:name="com.example.manajemenkeuanganv3.user.registerActivity"
36-->src\main\AndroidManifest.xml:26:19-56
37            android:theme="@style/AppTheme.NoActionBar" />
37-->src\main\AndroidManifest.xml:27:13-56
38        <activity
38-->src\main\AndroidManifest.xml:28:9-29:58
39            android:name="com.example.manajemenkeuanganv3.user.loginActivity"
39-->src\main\AndroidManifest.xml:28:19-53
40            android:theme="@style/AppTheme.NoActionBar" />
40-->src\main\AndroidManifest.xml:29:13-56
41        <activity android:name="com.example.manajemenkeuanganv3.transaksipiutang.editActivity2" />
41-->src\main\AndroidManifest.xml:30:9-68
41-->src\main\AndroidManifest.xml:30:19-65
42        <activity android:name="com.example.manajemenkeuanganv3.transaksipiutang.mainPiutang" />
42-->src\main\AndroidManifest.xml:31:9-66
42-->src\main\AndroidManifest.xml:31:19-63
43        <activity android:name="com.example.manajemenkeuanganv3.transaksipiutang.tambahPiutang" />
43-->src\main\AndroidManifest.xml:32:9-68
43-->src\main\AndroidManifest.xml:32:19-65
44        <activity android:name="com.example.manajemenkeuanganv3.aboutActivity" />
44-->src\main\AndroidManifest.xml:33:9-51
44-->src\main\AndroidManifest.xml:33:19-48
45        <activity android:name="com.example.manajemenkeuanganv3.transaksikeuangan.editActivity" />
45-->src\main\AndroidManifest.xml:34:9-68
45-->src\main\AndroidManifest.xml:34:19-65
46        <activity android:name="com.example.manajemenkeuanganv3.homeActivity" >
46-->src\main\AndroidManifest.xml:35:9-36:20
46-->src\main\AndroidManifest.xml:35:19-47
47        </activity>
48        <activity android:name="com.example.manajemenkeuanganv3.transaksikeuangan.mainKeuangan" />
48-->src\main\AndroidManifest.xml:37:9-68
48-->src\main\AndroidManifest.xml:37:19-65
49        <activity android:name="com.example.manajemenkeuanganv3.transaksikeuangan.TambahKeuangan" />
49-->src\main\AndroidManifest.xml:38:9-70
49-->src\main\AndroidManifest.xml:38:19-67
50    </application>
51
52</manifest>